[2021-03-06] 16:50:26 -  INFO   - <module> - logger.py - 10  - This is an info log
[2021-03-06] 16:50:26 -  DEBUG  - square_root - logger.py - 14  - Getting the square root of 5
[2021-03-06] 16:50:26 -  INFO   - square_root - logger.py - 22  - The square root of 5 is 2.23607
[2021-03-06] 16:50:26 -  DEBUG  - square_root - logger.py - 14  - Getting the square root of -5
[2021-03-06] 16:50:26 -  ERROR  - square_root - logger.py - 18  - Cannot get square root of a negative number
Traceback (most recent call last):
  File "c:\Users\KAUSTAV\Desktop\File Bash\logger.py", line 16, in square_root
    result = math.sqrt(x)
ValueError: math domain error
[2021-03-06] 16:51:20 -  INFO   - <module> - logger.py - 10  - This is an info log
[2021-03-06] 16:51:20 -  DEBUG  - square_root - logger.py - 14  - Getting the square root of 5
[2021-03-06] 16:51:20 -  INFO   - square_root - logger.py - 22  - The square root of 5 is 2.23607
[2021-03-06] 16:51:20 -  DEBUG  - square_root - logger.py - 14  - Getting the square root of -5
[2021-03-06] 16:51:20 -  ERROR  - square_root - logger.py - 18  - Cannot get square root of a negative number
Traceback (most recent call last):
  File "c:\Users\KAUSTAV\Desktop\File Bash\logger.py", line 16, in square_root
    result = math.sqrt(x)
ValueError: math domain error
[2021-03-06] 16:51:41 -  INFO   - <module> - logger.py - 10  - This is an info log
[2021-03-06] 16:51:41 -  DEBUG  - square_root - logger.py - 14  - Getting the square root of 5
[2021-03-06] 16:51:41 -  INFO   - square_root - logger.py - 22  - The square root of 5 is 2.23607
[2021-03-06] 16:51:41 -  DEBUG  - square_root - logger.py - 14  - Getting the square root of -513
[2021-03-06] 16:51:41 -  ERROR  - square_root - logger.py - 18  - Cannot get square root of a negative number
Traceback (most recent call last):
  File "c:\Users\KAUSTAV\Desktop\File Bash\logger.py", line 16, in square_root
    result = math.sqrt(x)
ValueError: math domain error
[2021-03-06] 16:53:36 -  INFO   - <module> - logger.py - 10  - This is an info log
[2021-03-06] 16:53:36 -  DEBUG  - square_root - logger.py - 14  - Getting the square root of 5
[2021-03-06] 16:53:36 -  INFO   - square_root - logger.py - 22  - The square root of 5 is 2.23607
[2021-03-06] 16:53:36 -  DEBUG  - square_root - logger.py - 14  - Getting the square root of 8
[2021-03-06] 16:53:36 -  INFO   - square_root - logger.py - 22  - The square root of 8 is 2.82843
